<?xml version="1.0" encoding="UTF-8"?>
<!-- Generated by org.testng.reporters.JUnitReportReporter -->
<testsuite hostname="DESKTOP-OF0JF2E" failures="0" tests="1" name="com.projectname1.qa.TestCases.LoginFacebookPageTest" time="1.376" errors="0" timestamp="20 Aug 2022 15:59:34 GMT">
  <testcase classname="com.projectname1.qa.TestCases.LoginFacebookPageTest" name="LoginFacebookPageTest" time="1.376"/>
</testsuite>
