<?xml version="1.0" encoding="UTF-8"?>
<!-- Generated by org.testng.reporters.JUnitReportReporter -->
<testsuite hostname="DESKTOP-OF0JF2E" failures="0" tests="1" name="com.projectname1.qa.TestCases.RegistrationTest" time="4.203" errors="0" timestamp="20 Aug 2022 15:59:34 GMT">
  <testcase classname="com.projectname1.qa.TestCases.RegistrationTest" name="Test" time="4.203"/>
</testsuite>
