<?xml version="1.0" encoding="UTF-8"?>
<!-- Generated by org.testng.reporters.JUnitReportReporter -->
<testsuite hostname="DESKTOP-OF0JF2E" failures="0" tests="1" name="com.projectname1.qa.TestCases.RegistrationTest" time="16.253" errors="0" timestamp="20 Aug 2022 16:01:52 GMT">
  <testcase classname="com.projectname1.qa.TestCases.RegistrationTest" name="Test" time="16.253"/>
</testsuite>
